<?xml version="1.0" encoding="UTF-8" ?>
<testsuite failures="0" time="2.636" errors="0" skipped="0" tests="2" name="de.fuberlin.wiwiss.r2r.BlankNodeTest">
  <properties>
    <property name="java.runtime.name" value="Java(TM) SE Runtime Environment"/>
    <property name="sun.boot.library.path" value="/System/Library/Java/JavaVirtualMachines/1.6.0.jdk/Contents/Libraries"/>
    <property name="java.vm.version" value="20.10-b01-428"/>
    <property name="awt.nativeDoubleBuffering" value="true"/>
    <property name="gopherProxySet" value="false"/>
    <property name="mrj.build" value="11M3811"/>
    <property name="java.vm.vendor" value="Apple Inc."/>
    <property name="java.vendor.url" value="http://www.apple.com/"/>
    <property name="path.separator" value=":"/>
    <property name="java.vm.name" value="Java HotSpot(TM) 64-Bit Server VM"/>
    <property name="file.encoding.pkg" value="sun.io"/>
    <property name="user.country" value="US"/>
    <property name="sun.java.launcher" value="SUN_STANDARD"/>
    <property name="sun.os.patch.level" value="unknown"/>
    <property name="java.vm.specification.name" value="Java Virtual Machine Specification"/>
    <property name="user.dir" value="/Users/icaro.medeiros/workspace/r2r-0.2.3"/>
    <property name="java.runtime.version" value="1.6.0_35-b10-428-11M3811"/>
    <property name="java.awt.graphicsenv" value="apple.awt.CGraphicsEnvironment"/>
    <property name="basedir" value="/Users/icaro.medeiros/workspace/r2r-0.2.3"/>
    <property name="java.endorsed.dirs" value="/System/Library/Java/JavaVirtualMachines/1.6.0.jdk/Contents/Home/lib/endorsed"/>
    <property name="os.arch" value="x86_64"/>
    <property name="surefire.real.class.path" value="/Users/icaro.medeiros/workspace/r2r-0.2.3/target/surefire/surefirebooter5024408498368823976.jar"/>
    <property name="java.io.tmpdir" value="/var/folders/1x/tjf9s96n7fbb0mxnfbhgkdqr0000gp/T/"/>
    <property name="line.separator" value="
"/>
    <property name="java.vm.specification.vendor" value="Sun Microsystems Inc."/>
    <property name="os.name" value="Mac OS X"/>
    <property name="sun.jnu.encoding" value="MacRoman"/>
    <property name="java.library.path" value=".:/Library/Java/Extensions:/System/Library/Java/Extensions:/usr/lib/java"/>
    <property name="surefire.test.class.path" value="/Users/icaro.medeiros/workspace/r2r-0.2.3/target/test-classes:/Users/icaro.medeiros/workspace/r2r-0.2.3/target/classes:/Users/icaro.medeiros/.m2/repository/org/scala-lang/scala-library/2.8.1/scala-library-2.8.1.jar:/Users/icaro.medeiros/.m2/repository/org/antlr/antlr/3.2/antlr-3.2.jar:/Users/icaro.medeiros/.m2/repository/org/antlr/antlr-runtime/3.2/antlr-runtime-3.2.jar:/Users/icaro.medeiros/.m2/repository/org/antlr/stringtemplate/3.2/stringtemplate-3.2.jar:/Users/icaro.medeiros/.m2/repository/antlr/antlr/2.7.7/antlr-2.7.7.jar:/Users/icaro.medeiros/.m2/repository/com/hp/hpl/jena/jena/2.6.2/jena-2.6.2.jar:/Users/icaro.medeiros/.m2/repository/com/hp/hpl/jena/iri/0.7/iri-0.7.jar:/Users/icaro.medeiros/.m2/repository/org/slf4j/slf4j-api/1.5.6/slf4j-api-1.5.6.jar:/Users/icaro.medeiros/.m2/repository/com/ibm/icu/icu4j/3.4.4/icu4j-3.4.4.jar:/Users/icaro.medeiros/.m2/repository/xerces/xercesImpl/2.7.1/xercesImpl-2.7.1.jar:/Users/icaro.medeiros/.m2/repository/org/slf4j/slf4j-log4j12/1.5.6/slf4j-log4j12-1.5.6.jar:/Users/icaro.medeiros/.m2/repository/log4j/log4j/1.2.13/log4j-1.2.13.jar:/Users/icaro.medeiros/.m2/repository/com/hp/hpl/jena/arq/2.8.1/arq-2.8.1.jar:/Users/icaro.medeiros/.m2/repository/org/codehaus/woodstox/wstx-asl/3.2.9/wstx-asl-3.2.9.jar:/Users/icaro.medeiros/.m2/repository/stax/stax-api/1.0.1/stax-api-1.0.1.jar:/Users/icaro.medeiros/.m2/repository/org/apache/lucene/lucene-core/2.3.1/lucene-core-2.3.1.jar:/Users/icaro.medeiros/.m2/repository/commons-logging/commons-logging/1.1.1/commons-logging-1.1.1.jar:/Users/icaro.medeiros/.m2/repository/junit/junit/4.5/junit-4.5.jar:"/>
    <property name="java.specification.name" value="Java Platform API Specification"/>
    <property name="java.class.version" value="50.0"/>
    <property name="sun.management.compiler" value="HotSpot 64-Bit Tiered Compilers"/>
    <property name="os.version" value="10.7.4"/>
    <property name="http.nonProxyHosts" value="local|*.local|169.254/16|*.169.254/16"/>
    <property name="user.home" value="/Users/icaro.medeiros"/>
    <property name="user.timezone" value="America/Sao_Paulo"/>
    <property name="java.awt.printerjob" value="apple.awt.CPrinterJob"/>
    <property name="java.specification.version" value="1.6"/>
    <property name="file.encoding" value="MacRoman"/>
    <property name="user.name" value="icaro.medeiros"/>
    <property name="java.class.path" value="/Users/icaro.medeiros/workspace/r2r-0.2.3/target/test-classes:/Users/icaro.medeiros/workspace/r2r-0.2.3/target/classes:/Users/icaro.medeiros/.m2/repository/org/scala-lang/scala-library/2.8.1/scala-library-2.8.1.jar:/Users/icaro.medeiros/.m2/repository/org/antlr/antlr/3.2/antlr-3.2.jar:/Users/icaro.medeiros/.m2/repository/org/antlr/antlr-runtime/3.2/antlr-runtime-3.2.jar:/Users/icaro.medeiros/.m2/repository/org/antlr/stringtemplate/3.2/stringtemplate-3.2.jar:/Users/icaro.medeiros/.m2/repository/antlr/antlr/2.7.7/antlr-2.7.7.jar:/Users/icaro.medeiros/.m2/repository/com/hp/hpl/jena/jena/2.6.2/jena-2.6.2.jar:/Users/icaro.medeiros/.m2/repository/com/hp/hpl/jena/iri/0.7/iri-0.7.jar:/Users/icaro.medeiros/.m2/repository/org/slf4j/slf4j-api/1.5.6/slf4j-api-1.5.6.jar:/Users/icaro.medeiros/.m2/repository/com/ibm/icu/icu4j/3.4.4/icu4j-3.4.4.jar:/Users/icaro.medeiros/.m2/repository/xerces/xercesImpl/2.7.1/xercesImpl-2.7.1.jar:/Users/icaro.medeiros/.m2/repository/org/slf4j/slf4j-log4j12/1.5.6/slf4j-log4j12-1.5.6.jar:/Users/icaro.medeiros/.m2/repository/log4j/log4j/1.2.13/log4j-1.2.13.jar:/Users/icaro.medeiros/.m2/repository/com/hp/hpl/jena/arq/2.8.1/arq-2.8.1.jar:/Users/icaro.medeiros/.m2/repository/org/codehaus/woodstox/wstx-asl/3.2.9/wstx-asl-3.2.9.jar:/Users/icaro.medeiros/.m2/repository/stax/stax-api/1.0.1/stax-api-1.0.1.jar:/Users/icaro.medeiros/.m2/repository/org/apache/lucene/lucene-core/2.3.1/lucene-core-2.3.1.jar:/Users/icaro.medeiros/.m2/repository/commons-logging/commons-logging/1.1.1/commons-logging-1.1.1.jar:/Users/icaro.medeiros/.m2/repository/junit/junit/4.5/junit-4.5.jar:"/>
    <property name="java.vm.specification.version" value="1.0"/>
    <property name="sun.arch.data.model" value="64"/>
    <property name="java.home" value="/System/Library/Java/JavaVirtualMachines/1.6.0.jdk/Contents/Home"/>
    <property name="sun.java.command" value="/Users/icaro.medeiros/workspace/r2r-0.2.3/target/surefire/surefirebooter5024408498368823976.jar /Users/icaro.medeiros/workspace/r2r-0.2.3/target/surefire/surefire1142307870799043518tmp /Users/icaro.medeiros/workspace/r2r-0.2.3/target/surefire/surefire7997964464998484890tmp"/>
    <property name="java.specification.vendor" value="Sun Microsystems Inc."/>
    <property name="user.language" value="en"/>
    <property name="awt.toolkit" value="apple.awt.CToolkit"/>
    <property name="java.vm.info" value="mixed mode"/>
    <property name="java.version" value="1.6.0_35"/>
    <property name="java.ext.dirs" value="/Library/Java/Extensions:/System/Library/Java/Extensions:/System/Library/Java/JavaVirtualMachines/1.6.0.jdk/Contents/Home/lib/ext"/>
    <property name="sun.boot.class.path" value="/System/Library/Java/JavaVirtualMachines/1.6.0.jdk/Contents/Classes/jsfd.jar:/System/Library/Java/JavaVirtualMachines/1.6.0.jdk/Contents/Classes/classes.jar:/System/Library/Frameworks/JavaVM.framework/Frameworks/JavaRuntimeSupport.framework/Resources/Java/JavaRuntimeSupport.jar:/System/Library/Java/JavaVirtualMachines/1.6.0.jdk/Contents/Classes/ui.jar:/System/Library/Java/JavaVirtualMachines/1.6.0.jdk/Contents/Classes/laf.jar:/System/Library/Java/JavaVirtualMachines/1.6.0.jdk/Contents/Classes/sunrsasign.jar:/System/Library/Java/JavaVirtualMachines/1.6.0.jdk/Contents/Classes/jsse.jar:/System/Library/Java/JavaVirtualMachines/1.6.0.jdk/Contents/Classes/jce.jar:/System/Library/Java/JavaVirtualMachines/1.6.0.jdk/Contents/Classes/charsets.jar"/>
    <property name="java.vendor" value="Apple Inc."/>
    <property name="localRepository" value="/Users/icaro.medeiros/.m2/repository"/>
    <property name="file.separator" value="/"/>
    <property name="java.vendor.url.bug" value="http://bugreport.apple.com/"/>
    <property name="sun.cpu.endian" value="little"/>
    <property name="sun.io.unicode.encoding" value="UnicodeLittle"/>
    <property name="mrj.version" value="1070.1.6.0_35-428"/>
    <property name="socksNonProxyHosts" value="local|*.local|169.254/16|*.169.254/16"/>
    <property name="ftp.nonProxyHosts" value="local|*.local|169.254/16|*.169.254/16"/>
    <property name="sun.cpu.isalist" value=""/>
  </properties>
  <testcase time="2.507" classname="de.fuberlin.wiwiss.r2r.BlankNodeTest" name="testMapping1"/>
  <testcase time="0.081" classname="de.fuberlin.wiwiss.r2r.BlankNodeTest" name="testMapping2"/>
</testsuite>